<?xml version="1.0" encoding="UTF-8"?>
<testsuite name="mainFiles.UserTest" tests="4" skipped="0" failures="0" errors="0" timestamp="2025-07-04T12:36:42.681Z" hostname="DESKTOP-4S8ROBO" time="0.016">
  <properties/>
  <testcase name="testPasswordHashConsistency()" classname="mainFiles.UserTest" time="0.006"/>
  <testcase name="testUserEquality()" classname="mainFiles.UserTest" time="0.003"/>
  <testcase name="testAddAndFindAccount()" classname="mainFiles.UserTest" time="0.002"/>
  <testcase name="testUserCreation()" classname="mainFiles.UserTest" time="0.003"/>
  <system-out><![CDATA[]]></system-out>
  <system-err><![CDATA[]]></system-err>
</testsuite>
